# JRE version: OpenJDK Runtime Environment Temurin-17.0.13+11 (17.0.13+11) (build 17.0.13+11)
# Java VM: OpenJDK 64-Bit Server VM Temurin-17.0.13+11 (17.0.13+11, mixed mode, tiered, compressed oops, compressed class ptrs, parallel gc, windows-amd64)
GC Precious Log:
 CPUs: 4 total, 4 available
 Memory: 3918M
 Large Page Support: Disabled
 NUMA Support: Disabled
 Compressed Oops: Enabled (32-bit)
 Alignments: Space 512K, Generation 512K, Heap 2M
 Heap Min Capacity: 100M
 Heap Initial Capacity: 100M
 Heap Max Capacity: 1G
 Pre-touch: Disabled
 Parallel Workers: 4
Heap:
 PSYoungGen      total 3072K, used 1116K [0x00000000eab00000, 0x00000000eaf80000, 0x0000000100000000)
  eden space 2560K, 31% used [0x00000000eab00000,0x00000000eabc73e8,0x00000000ead80000)
  from space 512K, 62% used [0x00000000eaf00000,0x00000000eaf50000,0x00000000eaf80000)
  to   space 1024K, 0% used [0x00000000ead80000,0x00000000ead80000,0x00000000eae80000)
 ParOldGen       total 144896K, used 135511K [0x00000000c0000000, 0x00000000c8d80000, 0x00000000eab00000)
  object space 144896K, 93% used [0x00000000c0000000,0x00000000c8455e90,0x00000000c8d80000)
 Metaspace       used 88144K, committed 89472K, reserved 1179648K
  class space    used 8857K, committed 9472K, reserved 1048576K
GC Heap History (20 events):
Event: 1289.633 GC heap before
{Heap before GC invocations=800 (full 19):
 PSYoungGen      total 3584K, used 3392K [0x00000000eab00000, 0x00000000eb000000, 0x0000000100000000)
  eden space 2560K, 100% used [0x00000000eab00000,0x00000000ead80000,0x00000000ead80000)
  from space 1024K, 81% used [0x00000000eaf00000,0x00000000eafd0020,0x00000000eb000000)
  to   space 1024K, 0% used [0x00000000eae00000,0x00000000eae00000,0x00000000eaf00000)
 ParOldGen       total 144896K, used 130315K [0x00000000c0000000, 0x00000000c8d80000, 0x00000000eab00000)
  object space 144896K, 89% used [0x00000000c0000000,0x00000000c7f42c90,0x00000000c8d80000)
 Metaspace       used 88134K, committed 89472K, reserved 1179648K
  class space    used 8857K, committed 9472K, reserved 1048576K
}
Event: 1289.635 GC heap after
{Heap after GC invocations=800 (full 19):
 PSYoungGen      total 3584K, used 992K [0x00000000eab00000, 0x00000000eb180000, 0x0000000100000000)
  eden space 2560K, 0% used [0x00000000eab00000,0x00000000eab00000,0x00000000ead80000)
  from space 1024K, 96% used [0x00000000eae00000,0x00000000eaef8010,0x00000000eaf00000)
  to   space 2048K, 0% used [0x00000000eaf80000,0x00000000eaf80000,0x00000000eb180000)
 ParOldGen       total 144896K, used 131147K [0x00000000c0000000, 0x00000000c8d80000, 0x00000000eab00000)
  object space 144896K, 90% used [0x00000000c0000000,0x00000000c8012cb0,0x00000000c8d80000)
 Metaspace       used 88134K, committed 89472K, reserved 1179648K
  class space    used 8857K, committed 9472K, reserved 1048576K
}
Event: 1289.651 GC heap before
{Heap before GC invocations=801 (full 19):
 PSYoungGen      total 3584K, used 3552K [0x00000000eab00000, 0x00000000eb180000, 0x0000000100000000)
  eden space 2560K, 100% used [0x00000000eab00000,0x00000000ead80000,0x00000000ead80000)
  from space 1024K, 96% used [0x00000000eae00000,0x00000000eaef8010,0x00000000eaf00000)
  to   space 2048K, 0% used [0x00000000eaf80000,0x00000000eaf80000,0x00000000eb180000)
 ParOldGen       total 144896K, used 131147K [0x00000000c0000000, 0x00000000c8d80000, 0x00000000eab00000)
  object space 144896K, 90% used [0x00000000c0000000,0x00000000c8012cb0,0x00000000c8d80000)
 Metaspace       used 88134K, committed 89472K, reserved 1179648K
  class space    used 8857K, committed 9472K, reserved 1048576K
}
Event: 1289.653 GC heap after
{Heap after GC invocations=801 (full 19):
 PSYoungGen      total 3072K, used 384K [0x00000000eab00000, 0x00000000eb000000, 0x0000000100000000)
  eden space 2560K, 0% used [0x00000000eab00000,0x00000000eab00000,0x00000000ead80000)
  from space 512K, 75% used [0x00000000eaf80000,0x00000000eafe0000,0x00000000eb000000)
  to   space 1024K, 0% used [0x00000000eae00000,0x00000000eae00000,0x00000000eaf00000)
 ParOldGen       total 144896K, used 132147K [0x00000000c0000000, 0x00000000c8d80000, 0x00000000eab00000)
  object space 144896K, 91% used [0x00000000c0000000,0x00000000c810ccc0,0x00000000c8d80000)
 Metaspace       used 88134K, committed 89472K, reserved 1179648K
  class space    used 8857K, committed 9472K, reserved 1048576K
}
Event: 1289.665 GC heap before
{Heap before GC invocations=802 (full 19):
 PSYoungGen      total 3072K, used 2944K [0x00000000eab00000, 0x00000000eb000000, 0x0000000100000000)
  eden space 2560K, 100% used [0x00000000eab00000,0x00000000ead80000,0x00000000ead80000)
  from space 512K, 75% used [0x00000000eaf80000,0x00000000eafe0000,0x00000000eb000000)
  to   space 1024K, 0% used [0x00000000eae00000,0x00000000eae00000,0x00000000eaf00000)
 ParOldGen       total 144896K, used 132147K [0x00000000c0000000, 0x00000000c8d80000, 0x00000000eab00000)
  object space 144896K, 91% used [0x00000000c0000000,0x00000000c810ccc0,0x00000000c8d80000)
 Metaspace       used 88134K, committed 89472K, reserved 1179648K
  class space    used 8857K, committed 9472K, reserved 1048576K
}
Event: 1289.666 GC heap after
{Heap after GC invocations=802 (full 19):
 PSYoungGen      total 3584K, used 224K [0x00000000eab00000, 0x00000000eb000000, 0x0000000100000000)
  eden space 2560K, 0% used [0x00000000eab00000,0x00000000eab00000,0x00000000ead80000)
  from space 1024K, 21% used [0x00000000eae00000,0x00000000eae38020,0x00000000eaf00000)
  to   space 512K, 0% used [0x00000000eaf80000,0x00000000eaf80000,0x00000000eb000000)
 ParOldGen       total 144896K, used 132451K [0x00000000c0000000, 0x00000000c8d80000, 0x00000000eab00000)
  object space 144896K, 91% used [0x00000000c0000000,0x00000000c8158cc0,0x00000000c8d80000)
 Metaspace       used 88134K, committed 89472K, reserved 1179648K
  class space    used 8857K, committed 9472K, reserved 1048576K
}
Event: 1289.684 GC heap before
{Heap before GC invocations=803 (full 19):
 PSYoungGen      total 3584K, used 2784K [0x00000000eab00000, 0x00000000eb000000, 0x0000000100000000)
  eden space 2560K, 100% used [0x00000000eab00000,0x00000000ead80000,0x00000000ead80000)
  from space 1024K, 21% used [0x00000000eae00000,0x00000000eae38020,0x00000000eaf00000)
  to   space 512K, 0% used [0x00000000eaf80000,0x00000000eaf80000,0x00000000eb000000)
 ParOldGen       total 144896K, used 132451K [0x00000000c0000000, 0x00000000c8d80000, 0x00000000eab00000)
  object space 144896K, 91% used [0x00000000c0000000,0x00000000c8158cc0,0x00000000c8d80000)
 Metaspace       used 88134K, committed 89472K, reserved 1179648K
  class space    used 8857K, committed 9472K, reserved 1048576K
}
Event: 1289.685 GC heap after
{Heap after GC invocations=803 (full 19):
 PSYoungGen      total 3072K, used 256K [0x00000000eab00000, 0x00000000eb000000, 0x0000000100000000)
  eden space 2560K, 0% used [0x00000000eab00000,0x00000000eab00000,0x00000000ead80000)
  from space 512K, 50% used [0x00000000eaf80000,0x00000000eafc0000,0x00000000eb000000)
  to   space 512K, 0% used [0x00000000eaf00000,0x00000000eaf00000,0x00000000eaf80000)
 ParOldGen       total 144896K, used 132619K [0x00000000c0000000, 0x00000000c8d80000, 0x00000000eab00000)
  object space 144896K, 91% used [0x00000000c0000000,0x00000000c8182ce0,0x00000000c8d80000)
 Metaspace       used 88134K, committed 89472K, reserved 1179648K
  class space    used 8857K, committed 9472K, reserved 1048576K
}
Event: 1289.692 GC heap before
{Heap before GC invocations=804 (full 19):
 PSYoungGen      total 3072K, used 2816K [0x00000000eab00000, 0x00000000eb000000, 0x0000000100000000)
  eden space 2560K, 100% used [0x00000000eab00000,0x00000000ead80000,0x00000000ead80000)
  from space 512K, 50% used [0x00000000eaf80000,0x00000000eafc0000,0x00000000eb000000)
  to   space 512K, 0% used [0x00000000eaf00000,0x00000000eaf00000,0x00000000eaf80000)
 ParOldGen       total 144896K, used 132619K [0x00000000c0000000, 0x00000000c8d80000, 0x00000000eab00000)
  object space 144896K, 91% used [0x00000000c0000000,0x00000000c8182ce0,0x00000000c8d80000)
 Metaspace       used 88134K, committed 89472K, reserved 1179648K
  class space    used 8857K, committed 9472K, reserved 1048576K
}
Event: 1289.693 GC heap after
{Heap after GC invocations=804 (full 19):
 PSYoungGen      total 3072K, used 224K [0x00000000eab00000, 0x00000000eb000000, 0x0000000100000000)
  eden space 2560K, 0% used [0x00000000eab00000,0x00000000eab00000,0x00000000ead80000)
  from space 512K, 43% used [0x00000000eaf00000,0x00000000eaf38000,0x00000000eaf80000)
  to   space 512K, 0% used [0x00000000eaf80000,0x00000000eaf80000,0x00000000eb000000)
 ParOldGen       total 144896K, used 132843K [0x00000000c0000000, 0x00000000c8d80000, 0x00000000eab00000)
  object space 144896K, 91% used [0x00000000c0000000,0x00000000c81bad00,0x00000000c8d80000)
 Metaspace       used 88134K, committed 89472K, reserved 1179648K
  class space    used 8857K, committed 9472K, reserved 1048576K
}
Event: 1289.716 GC heap before
{Heap before GC invocations=805 (full 19):
 PSYoungGen      total 3072K, used 2784K [0x00000000eab00000, 0x00000000eb000000, 0x0000000100000000)
  eden space 2560K, 100% used [0x00000000eab00000,0x00000000ead80000,0x00000000ead80000)
  from space 512K, 43% used [0x00000000eaf00000,0x00000000eaf38000,0x00000000eaf80000)
  to   space 512K, 0% used [0x00000000eaf80000,0x00000000eaf80000,0x00000000eb000000)
 ParOldGen       total 144896K, used 132843K [0x00000000c0000000, 0x00000000c8d80000, 0x00000000eab00000)
  object space 144896K, 91% used [0x00000000c0000000,0x00000000c81bad00,0x00000000c8d80000)
 Metaspace       used 88136K, committed 89472K, reserved 1179648K
  class space    used 8857K, committed 9472K, reserved 1048576K
}
Event: 1289.718 GC heap after
{Heap after GC invocations=805 (full 19):
 PSYoungGen      total 3072K, used 320K [0x00000000eab00000, 0x00000000eb000000, 0x0000000100000000)
  eden space 2560K, 0% used [0x00000000eab00000,0x00000000eab00000,0x00000000ead80000)
  from space 512K, 62% used [0x00000000eaf80000,0x00000000eafd0000,0x00000000eb000000)
  to   space 512K, 0% used [0x00000000eaf00000,0x00000000eaf00000,0x00000000eaf80000)
 ParOldGen       total 144896K, used 133003K [0x00000000c0000000, 0x00000000c8d80000, 0x00000000eab00000)
  object space 144896K, 91% used [0x00000000c0000000,0x00000000c81e2d20,0x00000000c8d80000)
 Metaspace       used 88136K, committed 89472K, reserved 1179648K
  class space    used 8857K, committed 9472K, reserved 1048576K
}
Event: 1289.747 GC heap before
{Heap before GC invocations=806 (full 19):
 PSYoungGen      total 3072K, used 2880K [0x00000000eab00000, 0x00000000eb000000, 0x0000000100000000)
  eden space 2560K, 100% used [0x00000000eab00000,0x00000000ead80000,0x00000000ead80000)
  from space 512K, 62% used [0x00000000eaf80000,0x00000000eafd0000,0x00000000eb000000)
  to   space 512K, 0% used [0x00000000eaf00000,0x00000000eaf00000,0x00000000eaf80000)
 ParOldGen       total 144896K, used 133003K [0x00000000c0000000, 0x00000000c8d80000, 0x00000000eab00000)
  object space 144896K, 91% used [0x00000000c0000000,0x00000000c81e2d20,0x00000000c8d80000)
 Metaspace       used 88136K, committed 89472K, reserved 1179648K
  class space    used 8857K, committed 9472K, reserved 1048576K
}
Event: 1289.748 GC heap after
{Heap after GC invocations=806 (full 19):
 PSYoungGen      total 3072K, used 512K [0x00000000eab00000, 0x00000000eb000000, 0x0000000100000000)
  eden space 2560K, 0% used [0x00000000eab00000,0x00000000eab00000,0x00000000ead80000)
  from space 512K, 100% used [0x00000000eaf00000,0x00000000eaf80000,0x00000000eaf80000)
  to   space 512K, 0% used [0x00000000eaf80000,0x00000000eaf80000,0x00000000eb000000)
 ParOldGen       total 144896K, used 133224K [0x00000000c0000000, 0x00000000c8d80000, 0x00000000eab00000)
  object space 144896K, 91% used [0x00000000c0000000,0x00000000c821a150,0x00000000c8d80000)
 Metaspace       used 88136K, committed 89472K, reserved 1179648K
  class space    used 8857K, committed 9472K, reserved 1048576K
}
Event: 1289.754 GC heap before
{Heap before GC invocations=807 (full 19):
 PSYoungGen      total 3072K, used 3072K [0x00000000eab00000, 0x00000000eb000000, 0x0000000100000000)
  eden space 2560K, 100% used [0x00000000eab00000,0x00000000ead80000,0x00000000ead80000)
  from space 512K, 100% used [0x00000000eaf00000,0x00000000eaf80000,0x00000000eaf80000)
  to   space 512K, 0% used [0x00000000eaf80000,0x00000000eaf80000,0x00000000eb000000)
 ParOldGen       total 144896K, used 133224K [0x00000000c0000000, 0x00000000c8d80000, 0x00000000eab00000)
  object space 144896K, 91% used [0x00000000c0000000,0x00000000c821a150,0x00000000c8d80000)
 Metaspace       used 88136K, committed 89472K, reserved 1179648K
  class space    used 8857K, committed 9472K, reserved 1048576K
}
Event: 1289.756 GC heap after
{Heap after GC invocations=807 (full 19):
 PSYoungGen      total 3072K, used 512K [0x00000000eab00000, 0x00000000eb180000, 0x0000000100000000)
  eden space 2560K, 0% used [0x00000000eab00000,0x00000000eab00000,0x00000000ead80000)
  from space 512K, 100% used [0x00000000eaf80000,0x00000000eb000000,0x00000000eb000000)
  to   space 2048K, 0% used [0x00000000ead80000,0x00000000ead80000,0x00000000eaf80000)
 ParOldGen       total 144896K, used 134111K [0x00000000c0000000, 0x00000000c8d80000, 0x00000000eab00000)
  object space 144896K, 92% used [0x00000000c0000000,0x00000000c82f7e80,0x00000000c8d80000)
 Metaspace       used 88136K, committed 89472K, reserved 1179648K
  class space    used 8857K, committed 9472K, reserved 1048576K
}
Event: 1289.781 GC heap before
{Heap before GC invocations=808 (full 19):
 PSYoungGen      total 3072K, used 3072K [0x00000000eab00000, 0x00000000eb180000, 0x0000000100000000)
  eden space 2560K, 100% used [0x00000000eab00000,0x00000000ead80000,0x00000000ead80000)
  from space 512K, 100% used [0x00000000eaf80000,0x00000000eb000000,0x00000000eb000000)
  to   space 2048K, 0% used [0x00000000ead80000,0x00000000ead80000,0x00000000eaf80000)
 ParOldGen       total 144896K, used 134111K [0x00000000c0000000, 0x00000000c8d80000, 0x00000000eab00000)
  object space 144896K, 92% used [0x00000000c0000000,0x00000000c82f7e80,0x00000000c8d80000)
 Metaspace       used 88136K, committed 89472K, reserved 1179648K
  class space    used 8857K, committed 9472K, reserved 1048576K
}
Event: 1289.783 GC heap after
{Heap after GC invocations=808 (full 19):
 PSYoungGen      total 3584K, used 960K [0x00000000eab00000, 0x00000000eb080000, 0x0000000100000000)
  eden space 2560K, 0% used [0x00000000eab00000,0x00000000eab00000,0x00000000ead80000)
  from space 1024K, 93% used [0x00000000ead80000,0x00000000eae70010,0x00000000eae80000)
  to   space 1536K, 0% used [0x00000000eaf00000,0x00000000eaf00000,0x00000000eb080000)
 ParOldGen       total 144896K, used 134615K [0x00000000c0000000, 0x00000000c8d80000, 0x00000000eab00000)
  object space 144896K, 92% used [0x00000000c0000000,0x00000000c8375e80,0x00000000c8d80000)
 Metaspace       used 88136K, committed 89472K, reserved 1179648K
  class space    used 8857K, committed 9472K, reserved 1048576K
}
Event: 1289.803 GC heap before
{Heap before GC invocations=809 (full 19):
 PSYoungGen      total 3584K, used 3520K [0x00000000eab00000, 0x00000000eb080000, 0x0000000100000000)
  eden space 2560K, 100% used [0x00000000eab00000,0x00000000ead80000,0x00000000ead80000)
  from space 1024K, 93% used [0x00000000ead80000,0x00000000eae70010,0x00000000eae80000)
  to   space 1536K, 0% used [0x00000000eaf00000,0x00000000eaf00000,0x00000000eb080000)
 ParOldGen       total 144896K, used 134615K [0x00000000c0000000, 0x00000000c8d80000, 0x00000000eab00000)
  object space 144896K, 92% used [0x00000000c0000000,0x00000000c8375e80,0x00000000c8d80000)
 Metaspace       used 88136K, committed 89472K, reserved 1179648K
  class space    used 8857K, committed 9472K, reserved 1048576K
}
Event: 1289.805 GC heap after
{Heap after GC invocations=809 (full 19):
 PSYoungGen      total 3072K, used 320K [0x00000000eab00000, 0x00000000eaf80000, 0x0000000100000000)
  eden space 2560K, 0% used [0x00000000eab00000,0x00000000eab00000,0x00000000ead80000)
  from space 512K, 62% used [0x00000000eaf00000,0x00000000eaf50000,0x00000000eaf80000)
  to   space 1024K, 0% used [0x00000000ead80000,0x00000000ead80000,0x00000000eae80000)
 ParOldGen       total 144896K, used 135511K [0x00000000c0000000, 0x00000000c8d80000, 0x00000000eab00000)
  object space 144896K, 93% used [0x00000000c0000000,0x00000000c8455e90,0x00000000c8d80000)
 Metaspace       used 88136K, committed 89472K, reserved 1179648K
  class space    used 8857K, committed 9472K, reserved 1048576K
}

